2024-08-06 13:32:09,495 DEBUG    root            Loaded Command Group: ['gcloud', 'components']
2024-08-06 13:32:09,497 DEBUG    root            Loaded Command Group: ['gcloud', 'components', 'update']
2024-08-06 13:32:09,499 DEBUG    root            Running [gcloud.components.update] with arguments: [--quiet: "True", COMPONENT-IDS:8: "['gcloud', 'core', 'bq', 'gsutil', 'compute', 'preview', 'alpha', 'beta']"]
2024-08-06 13:32:09,500 INFO     ___FILE_ONLY___ Beginning update. This process may take several minutes.

2024-08-06 13:32:09,509 DEBUG    urllib3.connectionpool Starting new HTTPS connection (1): dl.google.com:443
2024-08-06 13:32:09,644 DEBUG    urllib3.connectionpool https://dl.google.com:443 "GET /dl/cloudsdk/channels/rapid/components-2.json HTTP/1.1" 200 223375
2024-08-06 13:32:09,662 WARNING  root            Component [preview] no longer exists.
2024-08-06 13:32:09,662 WARNING  root            Component [compute] no longer exists.
2024-08-06 13:32:09,663 INFO     ___FILE_ONLY___ 

2024-08-06 13:32:09,664 INFO     ___FILE_ONLY___ 
Your current Google Cloud CLI version is: 486.0.0

2024-08-06 13:32:09,664 INFO     ___FILE_ONLY___ Installing components from version: 486.0.0

2024-08-06 13:32:09,664 INFO     ___FILE_ONLY___ 

2024-08-06 13:32:09,664 DEBUG    root            Chosen display Format:table[box,title="These components will be removed."](details.display_name:label=Name:align=left,version.version_string:label=Version:align=right,data.size.size(zero="",min=1048576):label=Size:align=right)
2024-08-06 13:32:09,665 DEBUG    root            Chosen display Format:table[box,title="These components will be updated."](details.display_name:label=Name:align=left,version.version_string:label=Version:align=right,data.size.size(zero="",min=1048576):label=Size:align=right)
2024-08-06 13:32:09,665 DEBUG    root            Chosen display Format:table[box,title="These components will be installed."](details.display_name:label=Name:align=left,version.version_string:label=Version:align=right,data.size.size(zero="",min=1048576):label=Size:align=right)
2024-08-06 13:32:09,702 INFO     ___FILE_ONLY___ ┌──────────────────────────────────────────────┐
2024-08-06 13:32:09,702 INFO     ___FILE_ONLY___ 

2024-08-06 13:32:09,702 INFO     ___FILE_ONLY___ │     These components will be installed.      │
2024-08-06 13:32:09,703 INFO     ___FILE_ONLY___ 

2024-08-06 13:32:09,703 INFO     ___FILE_ONLY___ ├───────────────────────┬────────────┬─────────┤
2024-08-06 13:32:09,703 INFO     ___FILE_ONLY___ 

2024-08-06 13:32:09,703 INFO     ___FILE_ONLY___ │          Name         │  Version   │   Size  │
2024-08-06 13:32:09,703 INFO     ___FILE_ONLY___ 

2024-08-06 13:32:09,703 INFO     ___FILE_ONLY___ ├───────────────────────┼────────────┼─────────┤
2024-08-06 13:32:09,703 INFO     ___FILE_ONLY___ 

2024-08-06 13:32:09,703 INFO     ___FILE_ONLY___ │ 
2024-08-06 13:32:09,703 INFO     ___FILE_ONLY___ gcloud Alpha Commands
2024-08-06 13:32:09,703 INFO     ___FILE_ONLY___  
2024-08-06 13:32:09,703 INFO     ___FILE_ONLY___ │ 
2024-08-06 13:32:09,703 INFO     ___FILE_ONLY___ 2024.07.26
2024-08-06 13:32:09,703 INFO     ___FILE_ONLY___  
2024-08-06 13:32:09,703 INFO     ___FILE_ONLY___ │ 
2024-08-06 13:32:09,703 INFO     ___FILE_ONLY___ < 1 MiB
2024-08-06 13:32:09,703 INFO     ___FILE_ONLY___  
2024-08-06 13:32:09,704 INFO     ___FILE_ONLY___ │
2024-08-06 13:32:09,704 INFO     ___FILE_ONLY___ 

2024-08-06 13:32:09,704 INFO     ___FILE_ONLY___ │ 
2024-08-06 13:32:09,704 INFO     ___FILE_ONLY___ gcloud Beta Commands 
2024-08-06 13:32:09,704 INFO     ___FILE_ONLY___  
2024-08-06 13:32:09,704 INFO     ___FILE_ONLY___ │ 
2024-08-06 13:32:09,704 INFO     ___FILE_ONLY___ 2024.07.26
2024-08-06 13:32:09,704 INFO     ___FILE_ONLY___  
2024-08-06 13:32:09,704 INFO     ___FILE_ONLY___ │ 
2024-08-06 13:32:09,704 INFO     ___FILE_ONLY___ < 1 MiB
2024-08-06 13:32:09,704 INFO     ___FILE_ONLY___  
2024-08-06 13:32:09,704 INFO     ___FILE_ONLY___ │
2024-08-06 13:32:09,704 INFO     ___FILE_ONLY___ 

2024-08-06 13:32:09,704 INFO     ___FILE_ONLY___ └───────────────────────┴────────────┴─────────┘
2024-08-06 13:32:09,704 INFO     ___FILE_ONLY___ 

2024-08-06 13:32:09,705 INFO     ___FILE_ONLY___ 

2024-08-06 13:32:09,708 DEBUG    urllib3.connectionpool Starting new HTTPS connection (1): dl.google.com:443
2024-08-06 13:32:09,783 DEBUG    urllib3.connectionpool https://dl.google.com:443 "GET /dl/cloudsdk/channels/rapid/RELEASE_NOTES HTTP/1.1" 200 1248864
2024-08-06 13:32:09,816 INFO     ___FILE_ONLY___ For the latest full release notes, please visit:
  https://cloud.google.com/sdk/release_notes


2024-08-06 13:32:09,817 INFO     ___FILE_ONLY___ Performing in place update...


2024-08-06 13:32:09,819 INFO     ___FILE_ONLY___ ╔════════════════════════════════════════════════════════════╗

2024-08-06 13:32:09,819 INFO     ___FILE_ONLY___ ╠═ Downloading: gcloud Alpha Commands                       ═╣

2024-08-06 13:32:09,819 INFO     ___FILE_ONLY___ ╚
2024-08-06 13:32:09,822 DEBUG    urllib3.connectionpool Starting new HTTPS connection (1): dl.google.com:443
2024-08-06 13:32:09,952 DEBUG    urllib3.connectionpool https://dl.google.com:443 "GET /dl/cloudsdk/channels/rapid/components/google-cloud-sdk-alpha-20240726141759.tar.gz HTTP/1.1" 200 800
2024-08-06 13:32:09,952 INFO     ___FILE_ONLY___ ════════════════════════════════════════════════════════════
2024-08-06 13:32:09,953 INFO     ___FILE_ONLY___ ╝

2024-08-06 13:32:09,955 INFO     ___FILE_ONLY___ ╔════════════════════════════════════════════════════════════╗

2024-08-06 13:32:09,955 INFO     ___FILE_ONLY___ ╠═ Downloading: gcloud Beta Commands                        ═╣

2024-08-06 13:32:09,955 INFO     ___FILE_ONLY___ ╚
2024-08-06 13:32:09,959 DEBUG    urllib3.connectionpool Starting new HTTPS connection (1): dl.google.com:443
2024-08-06 13:32:10,094 DEBUG    urllib3.connectionpool https://dl.google.com:443 "GET /dl/cloudsdk/channels/rapid/components/google-cloud-sdk-beta-20240726141759.tar.gz HTTP/1.1" 200 797
2024-08-06 13:32:10,095 INFO     ___FILE_ONLY___ ════════════════════════════════════════════════════════════
2024-08-06 13:32:10,095 INFO     ___FILE_ONLY___ ╝

2024-08-06 13:32:10,097 INFO     ___FILE_ONLY___ ╔════════════════════════════════════════════════════════════╗

2024-08-06 13:32:10,097 INFO     ___FILE_ONLY___ ╠═ Installing: gcloud Alpha Commands                        ═╣

2024-08-06 13:32:10,097 INFO     ___FILE_ONLY___ ╚
2024-08-06 13:32:10,098 INFO     ___FILE_ONLY___ ════════════════════════════════════════════════════════════
2024-08-06 13:32:10,098 INFO     ___FILE_ONLY___ ╝

2024-08-06 13:32:10,104 INFO     ___FILE_ONLY___ ╔════════════════════════════════════════════════════════════╗

2024-08-06 13:32:10,104 INFO     ___FILE_ONLY___ ╠═ Installing: gcloud Beta Commands                         ═╣

2024-08-06 13:32:10,104 INFO     ___FILE_ONLY___ ╚
2024-08-06 13:32:10,105 INFO     ___FILE_ONLY___ ════════════════════════════════════════════════════════════
2024-08-06 13:32:10,105 INFO     ___FILE_ONLY___ ╝

2024-08-06 13:32:10,113 DEBUG    root            Updating notification cache...
2024-08-06 13:32:10,113 INFO     ___FILE_ONLY___ 

2024-08-06 13:32:10,115 INFO     ___FILE_ONLY___ Performing post processing steps...
2024-08-06 13:32:10,115 DEBUG    root            Executing command: ['/tools/google-cloud-sdk/bin/gcloud', 'components', 'post-process']
2024-08-06 13:32:19,414 DEBUG    ___FILE_ONLY___ 
2024-08-06 13:32:19,414 DEBUG    ___FILE_ONLY___ 
2024-08-06 13:32:19,628 INFO     ___FILE_ONLY___ 
Update done!


2024-08-06 13:32:19,631 DEBUG    root            Chosen display Format:none
2024-08-06 13:32:19,632 INFO     root            Display format: "none"
